<?xml version="1.0" encoding="utf-8"?><testsuites><testsuite name="pytest" errors="0" failures="0" skipped="14" tests="35" time="189.017" timestamp="2022-07-05T15:09:47.246456" hostname="MacBook-Pro-2.local"><testcase classname="tests.test_data" name="test_estimate_cvap2020" time="62.414" /><testcase classname="tests.test_data" name="test_estimate_cvap2010" time="0.001"><skipped type="pytest.skip" message="Times out too often; virtually equivalent test to the previous one.">/Users/apizzimenti/Dropbox/professional/mggg/internal/software/evaltools/tests/test_data.py:42: Times out too often; virtually equivalent test to the previous one.</skipped></testcase><testcase classname="tests.test_data" name="test_cvap_tracts" time="12.474" /><testcase classname="tests.test_data" name="test_cvap_bgs" time="12.849" /><testcase classname="tests.test_data" name="test_acs5_tracts" time="13.286" /><testcase classname="tests.test_data" name="test_acs5_bgs" time="11.473" /><testcase classname="tests.test_data" name="test_census_tracts" time="7.092" /><testcase classname="tests.test_data" name="test_census_bgs" time="11.561" /><testcase classname="tests.test_data" name="test_census_blocks" time="0.001"><skipped type="pytest.skip" message="Times out too often; virtually equivalent test to the previous one.">/Users/apizzimenti/Dropbox/professional/mggg/internal/software/evaltools/tests/test_data.py:231: Times out too often; virtually equivalent test to the previous one.</skipped></testcase><testcase classname="tests.test_data" name="test_assignmentcompressor_compress" time="0.000"><skipped type="pytest.skip" message="Temporarily skipped; moved resources.">/Users/apizzimenti/Dropbox/professional/mggg/internal/software/evaltools/tests/test_data.py:250: Temporarily skipped; moved resources.</skipped></testcase><testcase classname="tests.test_data" name="test_assignmentcompressor_decompress" time="0.000"><skipped type="pytest.skip" message="Temporarily skipped; moved resources.">/Users/apizzimenti/Dropbox/professional/mggg/internal/software/evaltools/tests/test_data.py:269: Temporarily skipped; moved resources.</skipped></testcase><testcase classname="tests.test_data" name="test_match" time="0.000"><skipped type="pytest.skip" message="Temporarily skipped; moved resources.">/Users/apizzimenti/Dropbox/professional/mggg/internal/software/evaltools/tests/test_data.py:293: Temporarily skipped; moved resources.</skipped></testcase><testcase classname="tests.test_data" name="test_assignmentcompressor_compress_all" time="0.000"><skipped type="pytest.skip" message="Temporarily skipped; moved resources.">/Users/apizzimenti/Dropbox/professional/mggg/internal/software/evaltools/tests/test_data.py:315: Temporarily skipped; moved resources.</skipped></testcase><testcase classname="tests.test_data" name="test_submissions" time="7.752" /><testcase classname="tests.test_data" name="test_remap" time="0.001"><skipped type="pytest.skip" message="Temporarily skipped; moved resources.">/Users/apizzimenti/Dropbox/professional/mggg/internal/software/evaltools/tests/test_data.py:400: Temporarily skipped; moved resources.</skipped></testcase><testcase classname="tests.test_geometry" name="test_dispersion_calc" time="0.015"><skipped type="pytest.xfail" message="Documentation and call signature do not match; clarification needed." /></testcase><testcase classname="tests.test_geometry" name="test_dissolve" time="12.941" /><testcase classname="tests.test_geometry" name="test_dualgraph" time="6.268" /><testcase classname="tests.test_geometry" name="test_unitmap" time="7.250" /><testcase classname="tests.test_geometry" name="test_dataframe" time="0.758" /><testcase classname="tests.test_plotting" name="test_drawgraph" time="3.122" /><testcase classname="tests.test_plotting" name="test_drawplan" time="0.392" /><testcase classname="tests.test_plotting" name="test_boxplot" time="6.977" /><testcase classname="tests.test_scoring" name="test_splits_pandas" time="0.802" /><testcase classname="tests.test_scoring" name="test_splits_gerrychain" time="0.463"><skipped type="pytest.xfail" message="The provided Partitions are not GeometricPartitions, and should fail." /></testcase><testcase classname="tests.test_scoring" name="test_pieces_pandas" time="0.915" /><testcase classname="tests.test_scoring" name="test_pieces_gerrychain" time="0.592"><skipped type="pytest.xfail" message="The provided Partitions are not GeometricPartitions, and should fail." /></testcase><testcase classname="tests.test_scoring" name="test_deviations" time="0.518" /><testcase classname="tests.test_scoring" name="test_contiguity" time="0.620" /><testcase classname="tests.test_scoring" name="test_unassigned_units" time="0.451" /><testcase classname="tests.test_scoring" name="test_reock_score_squares_geodataframe" time="0.000"><skipped type="pytest.skip" message="Tests should use real-world data.">/Users/apizzimenti/Dropbox/professional/mggg/internal/software/evaltools/tests/test_scoring.py:151: Tests should use real-world data.</skipped></testcase><testcase classname="tests.test_scoring" name="test_reock_score_squares_graph" time="0.000"><skipped type="pytest.skip" message="Tests should use real-world data.">/Users/apizzimenti/Dropbox/professional/mggg/internal/software/evaltools/tests/test_scoring.py:170: Tests should use real-world data.</skipped></testcase><testcase classname="tests.test_scoring" name="test_reock_score_disconnected" time="0.000"><skipped type="pytest.skip" message="Tests should use real-world data.">/Users/apizzimenti/Dropbox/professional/mggg/internal/software/evaltools/tests/test_scoring.py:186: Tests should use real-world data.</skipped></testcase><testcase classname="tests.test_utilities" name="test_rename" time="0.002" /><testcase classname="tests.test_utilities" name="test_json" time="0.000"><skipped type="pytest.skip" message="Slated for deprecation.">/Users/apizzimenti/Dropbox/professional/mggg/internal/software/evaltools/tests/test_utilities.py:37: Slated for deprecation.</skipped></testcase></testsuite></testsuites>